<?xml version="1.0" encoding="UTF-8"?>
<testng-results skipped="0" failed="0" ignored="0" total="0" passed="0">
  <reporter-output>
  </reporter-output>
  <suite name="Default suite" duration-ms="19486" started-at="2019-06-17T15:55:13Z" finished-at="2019-06-17T15:55:32Z">
    <groups>
    </groups>
    <test name="Default test" duration-ms="19486" started-at="2019-06-17T15:55:13Z" finished-at="2019-06-17T15:55:32Z">
      <class name="testCase.loginPage">
        <test-method status="PASS" signature="OpenBrowser()[pri:0, instance:testCase.loginPage@d8355a8]" name="OpenBrowser" is-config="true" duration-ms="18036" started-at="2019-06-17T15:55:13Z" finished-at="2019-06-17T15:55:31Z">
          <reporter-output>
          </reporter-output>
        </test-method> <!-- OpenBrowser -->
      </class> <!-- testCase.loginPage -->
    </test> <!-- Default test -->
  </suite> <!-- Default suite -->
</testng-results>
